ERROR - 2024-08-03 18:18:13 --> Error connecting to the database: mysqli_sql_exception: Access denied for user 'root'@'localhost' in /var/www/html/Programação Web II/sysdelivery/system/Database/MySQLi/Connection.php:185
Stack trace:
#0 /var/www/html/Programação Web II/sysdelivery/system/Database/MySQLi/Connection.php(185): mysqli->real_connect()
#1 /var/www/html/Programação Web II/sysdelivery/system/Database/BaseConnection.php(392): CodeIgniter\Database\MySQLi\Connection->connect()
#2 /var/www/html/Programação Web II/sysdelivery/system/Database/BaseConnection.php(575): CodeIgniter\Database\BaseConnection->initialize()
#3 /var/www/html/Programação Web II/sysdelivery/system/Database/BaseBuilder.php(1615): CodeIgniter\Database\BaseConnection->query()
#4 /var/www/html/Programação Web II/sysdelivery/system/Model.php(199): CodeIgniter\Database\BaseBuilder->get()
#5 /var/www/html/Programação Web II/sysdelivery/system/BaseModel.php(563): CodeIgniter\Model->doFind()
#6 /var/www/html/Programação Web II/sysdelivery/app/Controllers/Login.php(29): CodeIgniter\BaseModel->find()
#7 /var/www/html/Programação Web II/sysdelivery/system/CodeIgniter.php(942): App\Controllers\Login->logar()
#8 /var/www/html/Programação Web II/sysdelivery/system/CodeIgniter.php(502): CodeIgniter\CodeIgniter->runController()
#9 /var/www/html/Programação Web II/sysdelivery/system/CodeIgniter.php(361): CodeIgniter\CodeIgniter->handleRequest()
#10 /var/www/html/Programação Web II/sysdelivery/public/index.php(79): CodeIgniter\CodeIgniter->run()
#11 /var/www/html/Programação Web II/sysdelivery/system/Commands/Server/rewrite.php(47): require_once('...')
#12 {main}

Next CodeIgniter\Database\Exceptions\DatabaseException: Access denied for user '****'@'localhost' in /var/www/html/Programação Web II/sysdelivery/system/Database/MySQLi/Connection.php:229
Stack trace:
#0 /var/www/html/Programação Web II/sysdelivery/system/Database/BaseConnection.php(392): CodeIgniter\Database\MySQLi\Connection->connect()
#1 /var/www/html/Programação Web II/sysdelivery/system/Database/BaseConnection.php(575): CodeIgniter\Database\BaseConnection->initialize()
#2 /var/www/html/Programação Web II/sysdelivery/system/Database/BaseBuilder.php(1615): CodeIgniter\Database\BaseConnection->query()
#3 /var/www/html/Programação Web II/sysdelivery/system/Model.php(199): CodeIgniter\Database\BaseBuilder->get()
#4 /var/www/html/Programação Web II/sysdelivery/system/BaseModel.php(563): CodeIgniter\Model->doFind()
#5 /var/www/html/Programação Web II/sysdelivery/app/Controllers/Login.php(29): CodeIgniter\BaseModel->find()
#6 /var/www/html/Programação Web II/sysdelivery/system/CodeIgniter.php(942): App\Controllers\Login->logar()
#7 /var/www/html/Programação Web II/sysdelivery/system/CodeIgniter.php(502): CodeIgniter\CodeIgniter->runController()
#8 /var/www/html/Programação Web II/sysdelivery/system/CodeIgniter.php(361): CodeIgniter\CodeIgniter->handleRequest()
#9 /var/www/html/Programação Web II/sysdelivery/public/index.php(79): CodeIgniter\CodeIgniter->run()
#10 /var/www/html/Programação Web II/sysdelivery/system/Commands/Server/rewrite.php(47): require_once('...')
#11 {main}
CRITICAL - 2024-08-03 18:18:13 --> Unable to connect to the database.
Main connection [MySQLi]: Access denied for user '****'@'localhost'
in SYSTEMPATH/Database/BaseConnection.php on line 428.
 1 SYSTEMPATH/Database/BaseConnection.php(575): CodeIgniter\Database\BaseConnection->initialize()
 2 SYSTEMPATH/Database/BaseBuilder.php(1615): CodeIgniter\Database\BaseConnection->query()
 3 SYSTEMPATH/Model.php(199): CodeIgniter\Database\BaseBuilder->get()
 4 SYSTEMPATH/BaseModel.php(563): CodeIgniter\Model->doFind()
 5 APPPATH/Controllers/Login.php(29): CodeIgniter\BaseModel->find()
 6 SYSTEMPATH/CodeIgniter.php(942): App\Controllers\Login->logar()
 7 SYSTEMPATH/CodeIgniter.php(502): CodeIgniter\CodeIgniter->runController()
 8 SYSTEMPATH/CodeIgniter.php(361): CodeIgniter\CodeIgniter->handleRequest()
 9 FCPATH/index.php(79): CodeIgniter\CodeIgniter->run()
10 SYSTEMPATH/Commands/Server/rewrite.php(47): require_once('/var/www/html/Programação Web II/sysdelivery/public/index.php')
ERROR - 2024-08-03 18:18:26 --> Error connecting to the database: mysqli_sql_exception: Access denied for user 'root'@'localhost' in /var/www/html/Programação Web II/sysdelivery/system/Database/MySQLi/Connection.php:185
Stack trace:
#0 /var/www/html/Programação Web II/sysdelivery/system/Database/MySQLi/Connection.php(185): mysqli->real_connect()
#1 /var/www/html/Programação Web II/sysdelivery/system/Database/BaseConnection.php(392): CodeIgniter\Database\MySQLi\Connection->connect()
#2 /var/www/html/Programação Web II/sysdelivery/system/Database/BaseConnection.php(575): CodeIgniter\Database\BaseConnection->initialize()
#3 /var/www/html/Programação Web II/sysdelivery/system/Database/BaseBuilder.php(1615): CodeIgniter\Database\BaseConnection->query()
#4 /var/www/html/Programação Web II/sysdelivery/system/Model.php(199): CodeIgniter\Database\BaseBuilder->get()
#5 /var/www/html/Programação Web II/sysdelivery/system/BaseModel.php(563): CodeIgniter\Model->doFind()
#6 /var/www/html/Programação Web II/sysdelivery/app/Controllers/Login.php(29): CodeIgniter\BaseModel->find()
#7 /var/www/html/Programação Web II/sysdelivery/system/CodeIgniter.php(942): App\Controllers\Login->logar()
#8 /var/www/html/Programação Web II/sysdelivery/system/CodeIgniter.php(502): CodeIgniter\CodeIgniter->runController()
#9 /var/www/html/Programação Web II/sysdelivery/system/CodeIgniter.php(361): CodeIgniter\CodeIgniter->handleRequest()
#10 /var/www/html/Programação Web II/sysdelivery/public/index.php(79): CodeIgniter\CodeIgniter->run()
#11 /var/www/html/Programação Web II/sysdelivery/system/Commands/Server/rewrite.php(47): require_once('...')
#12 {main}

Next CodeIgniter\Database\Exceptions\DatabaseException: Access denied for user '****'@'localhost' in /var/www/html/Programação Web II/sysdelivery/system/Database/MySQLi/Connection.php:229
Stack trace:
#0 /var/www/html/Programação Web II/sysdelivery/system/Database/BaseConnection.php(392): CodeIgniter\Database\MySQLi\Connection->connect()
#1 /var/www/html/Programação Web II/sysdelivery/system/Database/BaseConnection.php(575): CodeIgniter\Database\BaseConnection->initialize()
#2 /var/www/html/Programação Web II/sysdelivery/system/Database/BaseBuilder.php(1615): CodeIgniter\Database\BaseConnection->query()
#3 /var/www/html/Programação Web II/sysdelivery/system/Model.php(199): CodeIgniter\Database\BaseBuilder->get()
#4 /var/www/html/Programação Web II/sysdelivery/system/BaseModel.php(563): CodeIgniter\Model->doFind()
#5 /var/www/html/Programação Web II/sysdelivery/app/Controllers/Login.php(29): CodeIgniter\BaseModel->find()
#6 /var/www/html/Programação Web II/sysdelivery/system/CodeIgniter.php(942): App\Controllers\Login->logar()
#7 /var/www/html/Programação Web II/sysdelivery/system/CodeIgniter.php(502): CodeIgniter\CodeIgniter->runController()
#8 /var/www/html/Programação Web II/sysdelivery/system/CodeIgniter.php(361): CodeIgniter\CodeIgniter->handleRequest()
#9 /var/www/html/Programação Web II/sysdelivery/public/index.php(79): CodeIgniter\CodeIgniter->run()
#10 /var/www/html/Programação Web II/sysdelivery/system/Commands/Server/rewrite.php(47): require_once('...')
#11 {main}
CRITICAL - 2024-08-03 18:18:26 --> Unable to connect to the database.
Main connection [MySQLi]: Access denied for user '****'@'localhost'
in SYSTEMPATH/Database/BaseConnection.php on line 428.
 1 SYSTEMPATH/Database/BaseConnection.php(575): CodeIgniter\Database\BaseConnection->initialize()
 2 SYSTEMPATH/Database/BaseBuilder.php(1615): CodeIgniter\Database\BaseConnection->query()
 3 SYSTEMPATH/Model.php(199): CodeIgniter\Database\BaseBuilder->get()
 4 SYSTEMPATH/BaseModel.php(563): CodeIgniter\Model->doFind()
 5 APPPATH/Controllers/Login.php(29): CodeIgniter\BaseModel->find()
 6 SYSTEMPATH/CodeIgniter.php(942): App\Controllers\Login->logar()
 7 SYSTEMPATH/CodeIgniter.php(502): CodeIgniter\CodeIgniter->runController()
 8 SYSTEMPATH/CodeIgniter.php(361): CodeIgniter\CodeIgniter->handleRequest()
 9 FCPATH/index.php(79): CodeIgniter\CodeIgniter->run()
10 SYSTEMPATH/Commands/Server/rewrite.php(47): require_once('/var/www/html/Programação Web II/sysdelivery/public/index.php')
ERROR - 2024-08-03 18:18:33 --> Error connecting to the database: mysqli_sql_exception: Access denied for user 'root'@'localhost' in /var/www/html/Programação Web II/sysdelivery/system/Database/MySQLi/Connection.php:185
Stack trace:
#0 /var/www/html/Programação Web II/sysdelivery/system/Database/MySQLi/Connection.php(185): mysqli->real_connect()
#1 /var/www/html/Programação Web II/sysdelivery/system/Database/BaseConnection.php(392): CodeIgniter\Database\MySQLi\Connection->connect()
#2 /var/www/html/Programação Web II/sysdelivery/system/Database/BaseConnection.php(575): CodeIgniter\Database\BaseConnection->initialize()
#3 /var/www/html/Programação Web II/sysdelivery/system/Database/BaseBuilder.php(1615): CodeIgniter\Database\BaseConnection->query()
#4 /var/www/html/Programação Web II/sysdelivery/system/Model.php(199): CodeIgniter\Database\BaseBuilder->get()
#5 /var/www/html/Programação Web II/sysdelivery/system/BaseModel.php(563): CodeIgniter\Model->doFind()
#6 /var/www/html/Programação Web II/sysdelivery/app/Controllers/Login.php(29): CodeIgniter\BaseModel->find()
#7 /var/www/html/Programação Web II/sysdelivery/system/CodeIgniter.php(942): App\Controllers\Login->logar()
#8 /var/www/html/Programação Web II/sysdelivery/system/CodeIgniter.php(502): CodeIgniter\CodeIgniter->runController()
#9 /var/www/html/Programação Web II/sysdelivery/system/CodeIgniter.php(361): CodeIgniter\CodeIgniter->handleRequest()
#10 /var/www/html/Programação Web II/sysdelivery/public/index.php(79): CodeIgniter\CodeIgniter->run()
#11 /var/www/html/Programação Web II/sysdelivery/system/Commands/Server/rewrite.php(47): require_once('...')
#12 {main}

Next CodeIgniter\Database\Exceptions\DatabaseException: Access denied for user '****'@'localhost' in /var/www/html/Programação Web II/sysdelivery/system/Database/MySQLi/Connection.php:229
Stack trace:
#0 /var/www/html/Programação Web II/sysdelivery/system/Database/BaseConnection.php(392): CodeIgniter\Database\MySQLi\Connection->connect()
#1 /var/www/html/Programação Web II/sysdelivery/system/Database/BaseConnection.php(575): CodeIgniter\Database\BaseConnection->initialize()
#2 /var/www/html/Programação Web II/sysdelivery/system/Database/BaseBuilder.php(1615): CodeIgniter\Database\BaseConnection->query()
#3 /var/www/html/Programação Web II/sysdelivery/system/Model.php(199): CodeIgniter\Database\BaseBuilder->get()
#4 /var/www/html/Programação Web II/sysdelivery/system/BaseModel.php(563): CodeIgniter\Model->doFind()
#5 /var/www/html/Programação Web II/sysdelivery/app/Controllers/Login.php(29): CodeIgniter\BaseModel->find()
#6 /var/www/html/Programação Web II/sysdelivery/system/CodeIgniter.php(942): App\Controllers\Login->logar()
#7 /var/www/html/Programação Web II/sysdelivery/system/CodeIgniter.php(502): CodeIgniter\CodeIgniter->runController()
#8 /var/www/html/Programação Web II/sysdelivery/system/CodeIgniter.php(361): CodeIgniter\CodeIgniter->handleRequest()
#9 /var/www/html/Programação Web II/sysdelivery/public/index.php(79): CodeIgniter\CodeIgniter->run()
#10 /var/www/html/Programação Web II/sysdelivery/system/Commands/Server/rewrite.php(47): require_once('...')
#11 {main}
CRITICAL - 2024-08-03 18:18:33 --> Unable to connect to the database.
Main connection [MySQLi]: Access denied for user '****'@'localhost'
in SYSTEMPATH/Database/BaseConnection.php on line 428.
 1 SYSTEMPATH/Database/BaseConnection.php(575): CodeIgniter\Database\BaseConnection->initialize()
 2 SYSTEMPATH/Database/BaseBuilder.php(1615): CodeIgniter\Database\BaseConnection->query()
 3 SYSTEMPATH/Model.php(199): CodeIgniter\Database\BaseBuilder->get()
 4 SYSTEMPATH/BaseModel.php(563): CodeIgniter\Model->doFind()
 5 APPPATH/Controllers/Login.php(29): CodeIgniter\BaseModel->find()
 6 SYSTEMPATH/CodeIgniter.php(942): App\Controllers\Login->logar()
 7 SYSTEMPATH/CodeIgniter.php(502): CodeIgniter\CodeIgniter->runController()
 8 SYSTEMPATH/CodeIgniter.php(361): CodeIgniter\CodeIgniter->handleRequest()
 9 FCPATH/index.php(79): CodeIgniter\CodeIgniter->run()
10 SYSTEMPATH/Commands/Server/rewrite.php(47): require_once('/var/www/html/Programação Web II/sysdelivery/public/index.php')
ERROR - 2024-08-03 18:18:37 --> Error connecting to the database: mysqli_sql_exception: Access denied for user 'root'@'localhost' in /var/www/html/Programação Web II/sysdelivery/system/Database/MySQLi/Connection.php:185
Stack trace:
#0 /var/www/html/Programação Web II/sysdelivery/system/Database/MySQLi/Connection.php(185): mysqli->real_connect()
#1 /var/www/html/Programação Web II/sysdelivery/system/Database/BaseConnection.php(392): CodeIgniter\Database\MySQLi\Connection->connect()
#2 /var/www/html/Programação Web II/sysdelivery/system/Database/BaseConnection.php(575): CodeIgniter\Database\BaseConnection->initialize()
#3 /var/www/html/Programação Web II/sysdelivery/system/Database/BaseBuilder.php(1615): CodeIgniter\Database\BaseConnection->query()
#4 /var/www/html/Programação Web II/sysdelivery/system/Model.php(199): CodeIgniter\Database\BaseBuilder->get()
#5 /var/www/html/Programação Web II/sysdelivery/system/BaseModel.php(563): CodeIgniter\Model->doFind()
#6 /var/www/html/Programação Web II/sysdelivery/app/Controllers/Login.php(29): CodeIgniter\BaseModel->find()
#7 /var/www/html/Programação Web II/sysdelivery/system/CodeIgniter.php(942): App\Controllers\Login->logar()
#8 /var/www/html/Programação Web II/sysdelivery/system/CodeIgniter.php(502): CodeIgniter\CodeIgniter->runController()
#9 /var/www/html/Programação Web II/sysdelivery/system/CodeIgniter.php(361): CodeIgniter\CodeIgniter->handleRequest()
#10 /var/www/html/Programação Web II/sysdelivery/public/index.php(79): CodeIgniter\CodeIgniter->run()
#11 /var/www/html/Programação Web II/sysdelivery/system/Commands/Server/rewrite.php(47): require_once('...')
#12 {main}

Next CodeIgniter\Database\Exceptions\DatabaseException: Access denied for user '****'@'localhost' in /var/www/html/Programação Web II/sysdelivery/system/Database/MySQLi/Connection.php:229
Stack trace:
#0 /var/www/html/Programação Web II/sysdelivery/system/Database/BaseConnection.php(392): CodeIgniter\Database\MySQLi\Connection->connect()
#1 /var/www/html/Programação Web II/sysdelivery/system/Database/BaseConnection.php(575): CodeIgniter\Database\BaseConnection->initialize()
#2 /var/www/html/Programação Web II/sysdelivery/system/Database/BaseBuilder.php(1615): CodeIgniter\Database\BaseConnection->query()
#3 /var/www/html/Programação Web II/sysdelivery/system/Model.php(199): CodeIgniter\Database\BaseBuilder->get()
#4 /var/www/html/Programação Web II/sysdelivery/system/BaseModel.php(563): CodeIgniter\Model->doFind()
#5 /var/www/html/Programação Web II/sysdelivery/app/Controllers/Login.php(29): CodeIgniter\BaseModel->find()
#6 /var/www/html/Programação Web II/sysdelivery/system/CodeIgniter.php(942): App\Controllers\Login->logar()
#7 /var/www/html/Programação Web II/sysdelivery/system/CodeIgniter.php(502): CodeIgniter\CodeIgniter->runController()
#8 /var/www/html/Programação Web II/sysdelivery/system/CodeIgniter.php(361): CodeIgniter\CodeIgniter->handleRequest()
#9 /var/www/html/Programação Web II/sysdelivery/public/index.php(79): CodeIgniter\CodeIgniter->run()
#10 /var/www/html/Programação Web II/sysdelivery/system/Commands/Server/rewrite.php(47): require_once('...')
#11 {main}
CRITICAL - 2024-08-03 18:18:37 --> Unable to connect to the database.
Main connection [MySQLi]: Access denied for user '****'@'localhost'
in SYSTEMPATH/Database/BaseConnection.php on line 428.
 1 SYSTEMPATH/Database/BaseConnection.php(575): CodeIgniter\Database\BaseConnection->initialize()
 2 SYSTEMPATH/Database/BaseBuilder.php(1615): CodeIgniter\Database\BaseConnection->query()
 3 SYSTEMPATH/Model.php(199): CodeIgniter\Database\BaseBuilder->get()
 4 SYSTEMPATH/BaseModel.php(563): CodeIgniter\Model->doFind()
 5 APPPATH/Controllers/Login.php(29): CodeIgniter\BaseModel->find()
 6 SYSTEMPATH/CodeIgniter.php(942): App\Controllers\Login->logar()
 7 SYSTEMPATH/CodeIgniter.php(502): CodeIgniter\CodeIgniter->runController()
 8 SYSTEMPATH/CodeIgniter.php(361): CodeIgniter\CodeIgniter->handleRequest()
 9 FCPATH/index.php(79): CodeIgniter\CodeIgniter->run()
10 SYSTEMPATH/Commands/Server/rewrite.php(47): require_once('/var/www/html/Programação Web II/sysdelivery/public/index.php')
ERROR - 2024-08-03 18:19:05 --> Error connecting to the database: mysqli_sql_exception: Access denied for user 'root'@'localhost' in /var/www/html/Programação Web II/sysdelivery/system/Database/MySQLi/Connection.php:185
Stack trace:
#0 /var/www/html/Programação Web II/sysdelivery/system/Database/MySQLi/Connection.php(185): mysqli->real_connect()
#1 /var/www/html/Programação Web II/sysdelivery/system/Database/BaseConnection.php(392): CodeIgniter\Database\MySQLi\Connection->connect()
#2 /var/www/html/Programação Web II/sysdelivery/system/Database/BaseConnection.php(575): CodeIgniter\Database\BaseConnection->initialize()
#3 /var/www/html/Programação Web II/sysdelivery/system/Database/BaseBuilder.php(1615): CodeIgniter\Database\BaseConnection->query()
#4 /var/www/html/Programação Web II/sysdelivery/system/Model.php(199): CodeIgniter\Database\BaseBuilder->get()
#5 /var/www/html/Programação Web II/sysdelivery/system/BaseModel.php(563): CodeIgniter\Model->doFind()
#6 /var/www/html/Programação Web II/sysdelivery/app/Controllers/Login.php(29): CodeIgniter\BaseModel->find()
#7 /var/www/html/Programação Web II/sysdelivery/system/CodeIgniter.php(942): App\Controllers\Login->logar()
#8 /var/www/html/Programação Web II/sysdelivery/system/CodeIgniter.php(502): CodeIgniter\CodeIgniter->runController()
#9 /var/www/html/Programação Web II/sysdelivery/system/CodeIgniter.php(361): CodeIgniter\CodeIgniter->handleRequest()
#10 /var/www/html/Programação Web II/sysdelivery/public/index.php(79): CodeIgniter\CodeIgniter->run()
#11 /var/www/html/Programação Web II/sysdelivery/system/Commands/Server/rewrite.php(47): require_once('...')
#12 {main}

Next CodeIgniter\Database\Exceptions\DatabaseException: Access denied for user '****'@'localhost' in /var/www/html/Programação Web II/sysdelivery/system/Database/MySQLi/Connection.php:229
Stack trace:
#0 /var/www/html/Programação Web II/sysdelivery/system/Database/BaseConnection.php(392): CodeIgniter\Database\MySQLi\Connection->connect()
#1 /var/www/html/Programação Web II/sysdelivery/system/Database/BaseConnection.php(575): CodeIgniter\Database\BaseConnection->initialize()
#2 /var/www/html/Programação Web II/sysdelivery/system/Database/BaseBuilder.php(1615): CodeIgniter\Database\BaseConnection->query()
#3 /var/www/html/Programação Web II/sysdelivery/system/Model.php(199): CodeIgniter\Database\BaseBuilder->get()
#4 /var/www/html/Programação Web II/sysdelivery/system/BaseModel.php(563): CodeIgniter\Model->doFind()
#5 /var/www/html/Programação Web II/sysdelivery/app/Controllers/Login.php(29): CodeIgniter\BaseModel->find()
#6 /var/www/html/Programação Web II/sysdelivery/system/CodeIgniter.php(942): App\Controllers\Login->logar()
#7 /var/www/html/Programação Web II/sysdelivery/system/CodeIgniter.php(502): CodeIgniter\CodeIgniter->runController()
#8 /var/www/html/Programação Web II/sysdelivery/system/CodeIgniter.php(361): CodeIgniter\CodeIgniter->handleRequest()
#9 /var/www/html/Programação Web II/sysdelivery/public/index.php(79): CodeIgniter\CodeIgniter->run()
#10 /var/www/html/Programação Web II/sysdelivery/system/Commands/Server/rewrite.php(47): require_once('...')
#11 {main}
CRITICAL - 2024-08-03 18:19:05 --> Unable to connect to the database.
Main connection [MySQLi]: Access denied for user '****'@'localhost'
in SYSTEMPATH/Database/BaseConnection.php on line 428.
 1 SYSTEMPATH/Database/BaseConnection.php(575): CodeIgniter\Database\BaseConnection->initialize()
 2 SYSTEMPATH/Database/BaseBuilder.php(1615): CodeIgniter\Database\BaseConnection->query()
 3 SYSTEMPATH/Model.php(199): CodeIgniter\Database\BaseBuilder->get()
 4 SYSTEMPATH/BaseModel.php(563): CodeIgniter\Model->doFind()
 5 APPPATH/Controllers/Login.php(29): CodeIgniter\BaseModel->find()
 6 SYSTEMPATH/CodeIgniter.php(942): App\Controllers\Login->logar()
 7 SYSTEMPATH/CodeIgniter.php(502): CodeIgniter\CodeIgniter->runController()
 8 SYSTEMPATH/CodeIgniter.php(361): CodeIgniter\CodeIgniter->handleRequest()
 9 FCPATH/index.php(79): CodeIgniter\CodeIgniter->run()
10 SYSTEMPATH/Commands/Server/rewrite.php(47): require_once('/var/www/html/Programação Web II/sysdelivery/public/index.php')
