CRITICAL - 2024-08-01 06:09:49 --> ErrorException: include(Templates/cardapio.php): Failed to open stream: No such file or directory
[Method: GET, Route: /]
in APPPATH\Views\index.php on line 4.
 1 APPPATH\Views\index.php(4): CodeIgniter\Debug\Exceptions->errorHandler(2, 'include(Templates/cardapio.php): Failed to open stream: No such file or directory', 'C:\\Users\\adaut\\projeto-web\\projeto-web2\\app\\Views\\index.php', 4)
 2 APPPATH\Views\index.php(4): include()
 3 SYSTEMPATH\View\View.php(234): include('C:\\Users\\adaut\\projeto-web\\projeto-web2\\app\\Views\\index.php')
 4 SYSTEMPATH\View\View.php(237): CodeIgniter\View\View->CodeIgniter\View\{closure}()
 5 SYSTEMPATH\Common.php(1169): CodeIgniter\View\View->render('index', [], true)
 6 APPPATH\Controllers\Home.php(9): view('index')
 7 SYSTEMPATH\CodeIgniter.php(933): App\Controllers\Home->index()
 8 SYSTEMPATH\CodeIgniter.php(509): CodeIgniter\CodeIgniter->runController(Object(App\Controllers\Home))
 9 SYSTEMPATH\CodeIgniter.php(355): CodeIgniter\CodeIgniter->handleRequest(null, Object(Config\Cache), false)
10 SYSTEMPATH\Boot.php(325): CodeIgniter\CodeIgniter->run()
11 SYSTEMPATH\Boot.php(67): CodeIgniter\Boot::runCodeIgniter(Object(CodeIgniter\CodeIgniter))
12 FCPATH\index.php(56): CodeIgniter\Boot::bootWeb(Object(Config\Paths))
CRITICAL - 2024-08-01 06:15:25 --> ErrorException: include(Templates/cardapio.php): Failed to open stream: No such file or directory
[Method: GET, Route: /]
in APPPATH\Views\index.php on line 4.
 1 APPPATH\Views\index.php(4): CodeIgniter\Debug\Exceptions->errorHandler(2, 'include(Templates/cardapio.php): Failed to open stream: No such file or directory', 'C:\\Users\\adaut\\projeto-web\\projeto-web2\\app\\Views\\index.php', 4)
 2 APPPATH\Views\index.php(4): include()
 3 SYSTEMPATH\View\View.php(234): include('C:\\Users\\adaut\\projeto-web\\projeto-web2\\app\\Views\\index.php')
 4 SYSTEMPATH\View\View.php(237): CodeIgniter\View\View->CodeIgniter\View\{closure}()
 5 SYSTEMPATH\Common.php(1169): CodeIgniter\View\View->render('index', [], true)
 6 APPPATH\Controllers\Home.php(9): view('index')
 7 SYSTEMPATH\CodeIgniter.php(933): App\Controllers\Home->index()
 8 SYSTEMPATH\CodeIgniter.php(509): CodeIgniter\CodeIgniter->runController(Object(App\Controllers\Home))
 9 SYSTEMPATH\CodeIgniter.php(355): CodeIgniter\CodeIgniter->handleRequest(null, Object(Config\Cache), false)
10 SYSTEMPATH\Boot.php(325): CodeIgniter\CodeIgniter->run()
11 SYSTEMPATH\Boot.php(67): CodeIgniter\Boot::runCodeIgniter(Object(CodeIgniter\CodeIgniter))
12 FCPATH\index.php(56): CodeIgniter\Boot::bootWeb(Object(Config\Paths))
CRITICAL - 2024-08-01 06:15:35 --> ErrorException: include(Templates/cardapio.php): Failed to open stream: No such file or directory
[Method: GET, Route: /]
in APPPATH\Views\index.php on line 4.
 1 APPPATH\Views\index.php(4): CodeIgniter\Debug\Exceptions->errorHandler(2, 'include(Templates/cardapio.php): Failed to open stream: No such file or directory', 'C:\\Users\\adaut\\projeto-web\\projeto-web2\\app\\Views\\index.php', 4)
 2 APPPATH\Views\index.php(4): include()
 3 SYSTEMPATH\View\View.php(234): include('C:\\Users\\adaut\\projeto-web\\projeto-web2\\app\\Views\\index.php')
 4 SYSTEMPATH\View\View.php(237): CodeIgniter\View\View->CodeIgniter\View\{closure}()
 5 SYSTEMPATH\Common.php(1169): CodeIgniter\View\View->render('index', [], true)
 6 APPPATH\Controllers\Home.php(9): view('index')
 7 SYSTEMPATH\CodeIgniter.php(933): App\Controllers\Home->index()
 8 SYSTEMPATH\CodeIgniter.php(509): CodeIgniter\CodeIgniter->runController(Object(App\Controllers\Home))
 9 SYSTEMPATH\CodeIgniter.php(355): CodeIgniter\CodeIgniter->handleRequest(null, Object(Config\Cache), false)
10 SYSTEMPATH\Boot.php(325): CodeIgniter\CodeIgniter->run()
11 SYSTEMPATH\Boot.php(67): CodeIgniter\Boot::runCodeIgniter(Object(CodeIgniter\CodeIgniter))
12 FCPATH\index.php(56): CodeIgniter\Boot::bootWeb(Object(Config\Paths))
CRITICAL - 2024-08-01 06:15:36 --> ErrorException: include(Templates/cardapio.php): Failed to open stream: No such file or directory
[Method: GET, Route: /]
in APPPATH\Views\index.php on line 4.
 1 APPPATH\Views\index.php(4): CodeIgniter\Debug\Exceptions->errorHandler(2, 'include(Templates/cardapio.php): Failed to open stream: No such file or directory', 'C:\\Users\\adaut\\projeto-web\\projeto-web2\\app\\Views\\index.php', 4)
 2 APPPATH\Views\index.php(4): include()
 3 SYSTEMPATH\View\View.php(234): include('C:\\Users\\adaut\\projeto-web\\projeto-web2\\app\\Views\\index.php')
 4 SYSTEMPATH\View\View.php(237): CodeIgniter\View\View->CodeIgniter\View\{closure}()
 5 SYSTEMPATH\Common.php(1169): CodeIgniter\View\View->render('index', [], true)
 6 APPPATH\Controllers\Home.php(9): view('index')
 7 SYSTEMPATH\CodeIgniter.php(933): App\Controllers\Home->index()
 8 SYSTEMPATH\CodeIgniter.php(509): CodeIgniter\CodeIgniter->runController(Object(App\Controllers\Home))
 9 SYSTEMPATH\CodeIgniter.php(355): CodeIgniter\CodeIgniter->handleRequest(null, Object(Config\Cache), false)
10 SYSTEMPATH\Boot.php(325): CodeIgniter\CodeIgniter->run()
11 SYSTEMPATH\Boot.php(67): CodeIgniter\Boot::runCodeIgniter(Object(CodeIgniter\CodeIgniter))
12 FCPATH\index.php(56): CodeIgniter\Boot::bootWeb(Object(Config\Paths))
CRITICAL - 2024-08-01 06:15:36 --> ErrorException: include(Templates/cardapio.php): Failed to open stream: No such file or directory
[Method: GET, Route: /]
in APPPATH\Views\index.php on line 4.
 1 APPPATH\Views\index.php(4): CodeIgniter\Debug\Exceptions->errorHandler(2, 'include(Templates/cardapio.php): Failed to open stream: No such file or directory', 'C:\\Users\\adaut\\projeto-web\\projeto-web2\\app\\Views\\index.php', 4)
 2 APPPATH\Views\index.php(4): include()
 3 SYSTEMPATH\View\View.php(234): include('C:\\Users\\adaut\\projeto-web\\projeto-web2\\app\\Views\\index.php')
 4 SYSTEMPATH\View\View.php(237): CodeIgniter\View\View->CodeIgniter\View\{closure}()
 5 SYSTEMPATH\Common.php(1169): CodeIgniter\View\View->render('index', [], true)
 6 APPPATH\Controllers\Home.php(9): view('index')
 7 SYSTEMPATH\CodeIgniter.php(933): App\Controllers\Home->index()
 8 SYSTEMPATH\CodeIgniter.php(509): CodeIgniter\CodeIgniter->runController(Object(App\Controllers\Home))
 9 SYSTEMPATH\CodeIgniter.php(355): CodeIgniter\CodeIgniter->handleRequest(null, Object(Config\Cache), false)
10 SYSTEMPATH\Boot.php(325): CodeIgniter\CodeIgniter->run()
11 SYSTEMPATH\Boot.php(67): CodeIgniter\Boot::runCodeIgniter(Object(CodeIgniter\CodeIgniter))
12 FCPATH\index.php(56): CodeIgniter\Boot::bootWeb(Object(Config\Paths))
CRITICAL - 2024-08-01 06:15:46 --> ErrorException: include(Templates/cardapio.php): Failed to open stream: No such file or directory
[Method: GET, Route: /]
in APPPATH\Views\index.php on line 4.
 1 APPPATH\Views\index.php(4): CodeIgniter\Debug\Exceptions->errorHandler(2, 'include(Templates/cardapio.php): Failed to open stream: No such file or directory', 'C:\\Users\\adaut\\projeto-web\\projeto-web2\\app\\Views\\index.php', 4)
 2 APPPATH\Views\index.php(4): include()
 3 SYSTEMPATH\View\View.php(234): include('C:\\Users\\adaut\\projeto-web\\projeto-web2\\app\\Views\\index.php')
 4 SYSTEMPATH\View\View.php(237): CodeIgniter\View\View->CodeIgniter\View\{closure}()
 5 SYSTEMPATH\Common.php(1169): CodeIgniter\View\View->render('index', [], true)
 6 APPPATH\Controllers\Home.php(9): view('index')
 7 SYSTEMPATH\CodeIgniter.php(933): App\Controllers\Home->index()
 8 SYSTEMPATH\CodeIgniter.php(509): CodeIgniter\CodeIgniter->runController(Object(App\Controllers\Home))
 9 SYSTEMPATH\CodeIgniter.php(355): CodeIgniter\CodeIgniter->handleRequest(null, Object(Config\Cache), false)
10 SYSTEMPATH\Boot.php(325): CodeIgniter\CodeIgniter->run()
11 SYSTEMPATH\Boot.php(67): CodeIgniter\Boot::runCodeIgniter(Object(CodeIgniter\CodeIgniter))
12 FCPATH\index.php(56): CodeIgniter\Boot::bootWeb(Object(Config\Paths))
CRITICAL - 2024-08-01 06:15:47 --> ErrorException: include(Templates/cardapio.php): Failed to open stream: No such file or directory
[Method: GET, Route: /]
in APPPATH\Views\index.php on line 4.
 1 APPPATH\Views\index.php(4): CodeIgniter\Debug\Exceptions->errorHandler(2, 'include(Templates/cardapio.php): Failed to open stream: No such file or directory', 'C:\\Users\\adaut\\projeto-web\\projeto-web2\\app\\Views\\index.php', 4)
 2 APPPATH\Views\index.php(4): include()
 3 SYSTEMPATH\View\View.php(234): include('C:\\Users\\adaut\\projeto-web\\projeto-web2\\app\\Views\\index.php')
 4 SYSTEMPATH\View\View.php(237): CodeIgniter\View\View->CodeIgniter\View\{closure}()
 5 SYSTEMPATH\Common.php(1169): CodeIgniter\View\View->render('index', [], true)
 6 APPPATH\Controllers\Home.php(9): view('index')
 7 SYSTEMPATH\CodeIgniter.php(933): App\Controllers\Home->index()
 8 SYSTEMPATH\CodeIgniter.php(509): CodeIgniter\CodeIgniter->runController(Object(App\Controllers\Home))
 9 SYSTEMPATH\CodeIgniter.php(355): CodeIgniter\CodeIgniter->handleRequest(null, Object(Config\Cache), false)
10 SYSTEMPATH\Boot.php(325): CodeIgniter\CodeIgniter->run()
11 SYSTEMPATH\Boot.php(67): CodeIgniter\Boot::runCodeIgniter(Object(CodeIgniter\CodeIgniter))
12 FCPATH\index.php(56): CodeIgniter\Boot::bootWeb(Object(Config\Paths))
CRITICAL - 2024-08-01 06:15:50 --> ErrorException: include(Templates/cardapio.php): Failed to open stream: No such file or directory
[Method: GET, Route: /]
in APPPATH\Views\index.php on line 4.
 1 APPPATH\Views\index.php(4): CodeIgniter\Debug\Exceptions->errorHandler(2, 'include(Templates/cardapio.php): Failed to open stream: No such file or directory', 'C:\\Users\\adaut\\projeto-web\\projeto-web2\\app\\Views\\index.php', 4)
 2 APPPATH\Views\index.php(4): include()
 3 SYSTEMPATH\View\View.php(234): include('C:\\Users\\adaut\\projeto-web\\projeto-web2\\app\\Views\\index.php')
 4 SYSTEMPATH\View\View.php(237): CodeIgniter\View\View->CodeIgniter\View\{closure}()
 5 SYSTEMPATH\Common.php(1169): CodeIgniter\View\View->render('index', [], true)
 6 APPPATH\Controllers\Home.php(9): view('index')
 7 SYSTEMPATH\CodeIgniter.php(933): App\Controllers\Home->index()
 8 SYSTEMPATH\CodeIgniter.php(509): CodeIgniter\CodeIgniter->runController(Object(App\Controllers\Home))
 9 SYSTEMPATH\CodeIgniter.php(355): CodeIgniter\CodeIgniter->handleRequest(null, Object(Config\Cache), false)
10 SYSTEMPATH\Boot.php(325): CodeIgniter\CodeIgniter->run()
11 SYSTEMPATH\Boot.php(67): CodeIgniter\Boot::runCodeIgniter(Object(CodeIgniter\CodeIgniter))
12 FCPATH\index.php(56): CodeIgniter\Boot::bootWeb(Object(Config\Paths))
CRITICAL - 2024-08-01 06:16:10 --> ErrorException: include(Templates/cardapio.php): Failed to open stream: No such file or directory
[Method: GET, Route: /]
in APPPATH\Views\index.php on line 4.
 1 APPPATH\Views\index.php(4): CodeIgniter\Debug\Exceptions->errorHandler(2, 'include(Templates/cardapio.php): Failed to open stream: No such file or directory', 'C:\\Users\\adaut\\projeto-web\\projeto-web2\\app\\Views\\index.php', 4)
 2 APPPATH\Views\index.php(4): include()
 3 SYSTEMPATH\View\View.php(234): include('C:\\Users\\adaut\\projeto-web\\projeto-web2\\app\\Views\\index.php')
 4 SYSTEMPATH\View\View.php(237): CodeIgniter\View\View->CodeIgniter\View\{closure}()
 5 SYSTEMPATH\Common.php(1169): CodeIgniter\View\View->render('index', [], true)
 6 APPPATH\Controllers\Home.php(9): view('index')
 7 SYSTEMPATH\CodeIgniter.php(933): App\Controllers\Home->index()
 8 SYSTEMPATH\CodeIgniter.php(509): CodeIgniter\CodeIgniter->runController(Object(App\Controllers\Home))
 9 SYSTEMPATH\CodeIgniter.php(355): CodeIgniter\CodeIgniter->handleRequest(null, Object(Config\Cache), false)
10 SYSTEMPATH\Boot.php(325): CodeIgniter\CodeIgniter->run()
11 SYSTEMPATH\Boot.php(67): CodeIgniter\Boot::runCodeIgniter(Object(CodeIgniter\CodeIgniter))
12 FCPATH\index.php(56): CodeIgniter\Boot::bootWeb(Object(Config\Paths))
CRITICAL - 2024-08-01 06:16:11 --> ErrorException: include(Templates/cardapio.php): Failed to open stream: No such file or directory
[Method: GET, Route: /]
in APPPATH\Views\index.php on line 4.
 1 APPPATH\Views\index.php(4): CodeIgniter\Debug\Exceptions->errorHandler(2, 'include(Templates/cardapio.php): Failed to open stream: No such file or directory', 'C:\\Users\\adaut\\projeto-web\\projeto-web2\\app\\Views\\index.php', 4)
 2 APPPATH\Views\index.php(4): include()
 3 SYSTEMPATH\View\View.php(234): include('C:\\Users\\adaut\\projeto-web\\projeto-web2\\app\\Views\\index.php')
 4 SYSTEMPATH\View\View.php(237): CodeIgniter\View\View->CodeIgniter\View\{closure}()
 5 SYSTEMPATH\Common.php(1169): CodeIgniter\View\View->render('index', [], true)
 6 APPPATH\Controllers\Home.php(9): view('index')
 7 SYSTEMPATH\CodeIgniter.php(933): App\Controllers\Home->index()
 8 SYSTEMPATH\CodeIgniter.php(509): CodeIgniter\CodeIgniter->runController(Object(App\Controllers\Home))
 9 SYSTEMPATH\CodeIgniter.php(355): CodeIgniter\CodeIgniter->handleRequest(null, Object(Config\Cache), false)
10 SYSTEMPATH\Boot.php(325): CodeIgniter\CodeIgniter->run()
11 SYSTEMPATH\Boot.php(67): CodeIgniter\Boot::runCodeIgniter(Object(CodeIgniter\CodeIgniter))
12 FCPATH\index.php(56): CodeIgniter\Boot::bootWeb(Object(Config\Paths))
CRITICAL - 2024-08-01 06:16:42 --> ErrorException: include(Templates/cardapio.php): Failed to open stream: No such file or directory
[Method: GET, Route: /]
in APPPATH\Views\index.php on line 4.
 1 APPPATH\Views\index.php(4): CodeIgniter\Debug\Exceptions->errorHandler(2, 'include(Templates/cardapio.php): Failed to open stream: No such file or directory', 'C:\\Users\\adaut\\projeto-web\\projeto-web2\\app\\Views\\index.php', 4)
 2 APPPATH\Views\index.php(4): include()
 3 SYSTEMPATH\View\View.php(234): include('C:\\Users\\adaut\\projeto-web\\projeto-web2\\app\\Views\\index.php')
 4 SYSTEMPATH\View\View.php(237): CodeIgniter\View\View->CodeIgniter\View\{closure}()
 5 SYSTEMPATH\Common.php(1169): CodeIgniter\View\View->render('index', [], true)
 6 APPPATH\Controllers\Home.php(9): view('index')
 7 SYSTEMPATH\CodeIgniter.php(933): App\Controllers\Home->index()
 8 SYSTEMPATH\CodeIgniter.php(509): CodeIgniter\CodeIgniter->runController(Object(App\Controllers\Home))
 9 SYSTEMPATH\CodeIgniter.php(355): CodeIgniter\CodeIgniter->handleRequest(null, Object(Config\Cache), false)
10 SYSTEMPATH\Boot.php(325): CodeIgniter\CodeIgniter->run()
11 SYSTEMPATH\Boot.php(67): CodeIgniter\Boot::runCodeIgniter(Object(CodeIgniter\CodeIgniter))
12 FCPATH\index.php(56): CodeIgniter\Boot::bootWeb(Object(Config\Paths))
CRITICAL - 2024-08-01 06:19:00 --> ErrorException: include(Templates/cardapio.php): Failed to open stream: No such file or directory
[Method: GET, Route: /]
in APPPATH\Views\index.php on line 4.
 1 APPPATH\Views\index.php(4): CodeIgniter\Debug\Exceptions->errorHandler(2, 'include(Templates/cardapio.php): Failed to open stream: No such file or directory', 'C:\\Users\\adaut\\projeto-web\\projeto-web2\\app\\Views\\index.php', 4)
 2 APPPATH\Views\index.php(4): include()
 3 SYSTEMPATH\View\View.php(234): include('C:\\Users\\adaut\\projeto-web\\projeto-web2\\app\\Views\\index.php')
 4 SYSTEMPATH\View\View.php(237): CodeIgniter\View\View->CodeIgniter\View\{closure}()
 5 SYSTEMPATH\Common.php(1169): CodeIgniter\View\View->render('index', [], true)
 6 APPPATH\Controllers\Home.php(9): view('index')
 7 SYSTEMPATH\CodeIgniter.php(933): App\Controllers\Home->index()
 8 SYSTEMPATH\CodeIgniter.php(509): CodeIgniter\CodeIgniter->runController(Object(App\Controllers\Home))
 9 SYSTEMPATH\CodeIgniter.php(355): CodeIgniter\CodeIgniter->handleRequest(null, Object(Config\Cache), false)
10 SYSTEMPATH\Boot.php(325): CodeIgniter\CodeIgniter->run()
11 SYSTEMPATH\Boot.php(67): CodeIgniter\Boot::runCodeIgniter(Object(CodeIgniter\CodeIgniter))
12 FCPATH\index.php(56): CodeIgniter\Boot::bootWeb(Object(Config\Paths))
